<?xml version="1.0" encoding="UTF-8"?>
<testsuite xmlns:xsi="http://www.w3.org/2001/XMLSchema-instance" xsi:noNamespaceSchemaLocation="https://maven.apache.org/surefire/maven-surefire-plugin/xsd/surefire-test-report-3.0.xsd" version="3.0" name="org.redfx.strange.test.ArithmeticTests" time="0.134" tests="53" errors="0" skipped="0" failures="0">
  <properties>
[...]
</properties>
  <testcase name="addmod2p2mod3" classname="org.redfx.strange.test.ArithmeticTests" time="0.002"/>
  <testcase name="addmodpart2" classname="org.redfx.strange.test.ArithmeticTests" time="0"/>
  <testcase name="multiply5x3andswap" classname="org.redfx.strange.test.ArithmeticTests" time="0.002"/>
  <testcase name="multiplyModGate5x3mod6" classname="org.redfx.strange.test.ArithmeticTests" time="0.01"/>
  <testcase name="add010" classname="org.redfx.strange.test.ArithmeticTests" time="0"/>
  <testcase name="addmod11num4" classname="org.redfx.strange.test.ArithmeticTests" time="0.001"/>
  <testcase name="expmul" classname="org.redfx.strange.test.ArithmeticTests" time="0.001"/>
  <testcase name="add0num0" classname="org.redfx.strange.test.ArithmeticTests" time="0"/>
  <testcase name="add0num1" classname="org.redfx.strange.test.ArithmeticTests" time="0"/>
  <testcase name="add1num0" classname="org.redfx.strange.test.ArithmeticTests" time="0"/>
  <testcase name="add1num1" classname="org.redfx.strange.test.ArithmeticTests" time="0"/>
  <testcase name="add5num2" classname="org.redfx.strange.test.ArithmeticTests" time="0.001"/>
  <testcase name="add5num4" classname="org.redfx.strange.test.ArithmeticTests" time="0"/>
  <testcase name="invinverseAndinverse" classname="org.redfx.strange.test.ArithmeticTests" time="0.001"/>
  <testcase name="addmodp0" classname="org.redfx.strange.test.ArithmeticTests" time="0"/>
  <testcase name="addmod0" classname="org.redfx.strange.test.ArithmeticTests" time="0"/>
  <testcase name="addmod1" classname="org.redfx.strange.test.ArithmeticTests" time="0.001"/>
  <testcase name="addmod2" classname="org.redfx.strange.test.ArithmeticTests" time="0.001"/>
  <testcase name="addmod3" classname="org.redfx.strange.test.ArithmeticTests" time="0.004"/>
  <testcase name="addmod4" classname="org.redfx.strange.test.ArithmeticTests" time="0.001"/>
  <testcase name="addmod5" classname="org.redfx.strange.test.ArithmeticTests" time="0.001"/>
  <testcase name="adjoint" classname="org.redfx.strange.test.ArithmeticTests" time="0.001"/>
  <testcase name="minus1" classname="org.redfx.strange.test.ArithmeticTests" time="0"/>
  <testcase name="minus2" classname="org.redfx.strange.test.ArithmeticTests" time="0"/>
  <testcase name="add5num2p" classname="org.redfx.strange.test.ArithmeticTests" time="0"/>
  <testcase name="multiplyModGate5x3mod6p" classname="org.redfx.strange.test.ArithmeticTests" time="0.017"/>
  <testcase name="gcd" classname="org.redfx.strange.test.ArithmeticTests" time="0"/>
  <testcase name="inverseAndinvinverse" classname="org.redfx.strange.test.ArithmeticTests" time="0.001"/>
  <testcase name="controlledAdd001" classname="org.redfx.strange.test.ArithmeticTests" time="0.001"/>
  <testcase name="controlledAdd100" classname="org.redfx.strange.test.ArithmeticTests" time="0"/>
  <testcase name="controlledAdd101" classname="org.redfx.strange.test.ArithmeticTests" time="0"/>
  <testcase name="controlledAdd110" classname="org.redfx.strange.test.ArithmeticTests" time="0.001"/>
  <testcase name="controlledAdd111" classname="org.redfx.strange.test.ArithmeticTests" time="0"/>
  <testcase name="add00" classname="org.redfx.strange.test.ArithmeticTests" time="0"/>
  <testcase name="add01" classname="org.redfx.strange.test.ArithmeticTests" time="0"/>
  <testcase name="add10" classname="org.redfx.strange.test.ArithmeticTests" time="0"/>
  <testcase name="add11" classname="org.redfx.strange.test.ArithmeticTests" time="0"/>
  <testcase name="add61" classname="org.redfx.strange.test.ArithmeticTests" time="0"/>
  <testcase name="addmod2p2mod3step1" classname="org.redfx.strange.test.ArithmeticTests" time="0.001"/>
  <testcase name="addmod2p2mod3step2" classname="org.redfx.strange.test.ArithmeticTests" time="0.002"/>
  <testcase name="addmod2p2mod3step3" classname="org.redfx.strange.test.ArithmeticTests" time="0.002"/>
  <testcase name="mul01" classname="org.redfx.strange.test.ArithmeticTests" time="0"/>
  <testcase name="mul11" classname="org.redfx.strange.test.ArithmeticTests" time="0"/>
  <testcase name="mul13" classname="org.redfx.strange.test.ArithmeticTests" time="0"/>
  <testcase name="mul55" classname="org.redfx.strange.test.ArithmeticTests" time="0.002"/>
  <testcase name="multiplyMod5x3andswapandcleans1" classname="org.redfx.strange.test.ArithmeticTests" time="0.028"/>
  <testcase name="multiplyMod5x3andswapandcleans2" classname="org.redfx.strange.test.ArithmeticTests" time="0.033"/>
  <testcase name="multiply5x3" classname="org.redfx.strange.test.ArithmeticTests" time="0.002"/>
  <testcase name="multiply5x7" classname="org.redfx.strange.test.ArithmeticTests" time="0"/>
  <testcase name="addmod1plus1mod3" classname="org.redfx.strange.test.ArithmeticTests" time="0.002"/>
  <testcase name="multiply5x3andswapandclean" classname="org.redfx.strange.test.ArithmeticTests" time="0.001"/>
  <testcase name="addmodgate" classname="org.redfx.strange.test.ArithmeticTests" time="0.001"/>
  <testcase name="getInverseModulus" classname="org.redfx.strange.test.ArithmeticTests" time="0"/>
</testsuite>